     1                                  ;ROM Debugger activator.
     2                                  ;Tests if address of Int 38h is not equal to Int 39h
     3                                  ;If it is not, it scans the 64Kb block after the ROMBIOS for the string SCPBIOS
     4                                  ;If it finds it, it triggers Int 38h to enter the debugger
     5                                  [map all ./Listings/rdebug.map]
     6                                  [DEFAULT REL]
     7                                  BITS 64
     8 00000000 B838350000                  mov eax, 3538h  ;Get the ptr for interrupt 38h in rbx
     9 00000005 CD21                        int 21h
    10 00000007 4889DF                      mov rdi, rbx
    11 0000000A B839350000                  mov eax, 3539h
    12 0000000F CD21                        int 21h
    13 00000011 4839DF                      cmp rdi, rbx
    14 00000014 740B                        je .badExit
    15                                      ;Now we scan 64Kb from rdi
    16 00000016 B053                        mov al, "S"
    17 00000018 B900000100                  mov ecx, 10000h
    18                                  .keepSearching:
    19 0000001D F2AE                        repne scasb
    20 0000001F 7415                        je .potential
    21                                  .badExit:
    22 00000021 488D1552000000              lea rdx, badMsg
    23 00000028 B800090000                  mov eax, 0900h
    24 0000002D CD21                        int 21h
    25 0000002F B8FF4C0000                  mov eax, 4CFFh
    26 00000034 CD21                        int 21h
    27                                  .potential:
    28 00000036 50                          push rax
    29 00000037 57                          push rdi
    30 00000038 48FFCF                      dec rdi
    31 0000003B 48B853595344454255-         mov rax, "SYSDEBUG"
    31 00000044 47                 
    32 00000045 483907                      cmp qword [rdi], rax
    33 00000048 5F                          pop rdi
    34 00000049 58                          pop rax
    35 0000004A 75D1                        jne .keepSearching
    36                                      ; If found, save the original Int 40h handler
    37 0000004C B840350000                  mov eax, 3540h  ;Get the original handles
    38 00000051 CD21                        int 21h
    39 00000053 48891D41000000              mov qword [hdlr], rbx
    40 0000005A 488D1509000000              lea rdx, intHdlr
    41 00000061 B840250000                  mov eax, 2540h
    42 00000066 CD21                        int 21h
    43 00000068 CD38                        int 38h ;Call the debugger, hooking our return point
    44                                  intHdlr:
    45 0000006A 488B152A000000              mov rdx, qword [hdlr]
    46 00000071 B840250000                  mov eax, 2540h
    47 00000076 CD21                        int 21h
    48 00000078 CD20                        int 20h
    49                                  
    50 0000007A 5343502F42494F5320-     badMsg:  db "SCP/BIOS Debugger Not Detected",0Dh,0Ah,"$"
    50 00000083 446562756767657220-
    50 0000008C 4E6F74204465746563-
    50 00000095 7465640D0A24       
    51 0000009B 0000000000000000        hdlr dq 0   ; Original interrupt handler here
    51          ------------------       info: assembly required 1+2+2 passes

